[xorm] [info]  2016/05/31 21:52:18.201119 [sql] SELECT `TABLE_NAME` from `INFORMATION_SCHEMA`.`TABLES` WHERE `TABLE_SCHEMA`=? and `TABLE_NAME`=? [args] [gogs version]
[xorm] [info]  2016/05/31 21:52:18.208119 [sql] SELECT `COLUMN_NAME` FROM `INFORMATION_SCHEMA`.`COLUMNS` WHERE `TABLE_SCHEMA` = ? AND `TABLE_NAME` = ? AND `COLUMN_NAME` = ? [gogs version id]
[xorm] [info]  2016/05/31 21:52:18.234121 [sql] SELECT `COLUMN_NAME` FROM `INFORMATION_SCHEMA`.`COLUMNS` WHERE `TABLE_SCHEMA` = ? AND `TABLE_NAME` = ? AND `COLUMN_NAME` = ? [gogs version version]
[xorm] [info]  2016/05/31 21:52:18.258122 [sql] SELECT `id`, `version` FROM `version` WHERE `id` = ? LIMIT 1 [args] [1]
[xorm] [info]  2016/05/31 21:52:18.260122 [sql] SELECT `TABLE_NAME`, `ENGINE`, `TABLE_ROWS`, `AUTO_INCREMENT` from `INFORMATION_SCHEMA`.`TABLES` WHERE `TABLE_SCHEMA`=? AND (`ENGINE`='MyISAM' OR `ENGINE` = 'InnoDB' OR `ENGINE` = 'TokuDB') [gogs]
[xorm] [info]  2016/05/31 21:52:18.280123 [sql] SELECT `COLUMN_NAME`, `IS_NULLABLE`, `COLUMN_DEFAULT`, `COLUMN_TYPE`, `COLUMN_KEY`, `EXTRA` FROM `INFORMATION_SCHEMA`.`COLUMNS` WHERE `TABLE_SCHEMA` = ? AND `TABLE_NAME` = ? [gogs access]
[xorm] [info]  2016/05/31 21:52:18.336126 [sql] SELECT `INDEX_NAME`, `NON_UNIQUE`, `COLUMN_NAME` FROM `INFORMATION_SCHEMA`.`STATISTICS` WHERE `TABLE_SCHEMA` = ? AND `TABLE_NAME` = ? [gogs access]
[xorm] [info]  2016/05/31 21:52:18.341127 [sql] SELECT `COLUMN_NAME`, `IS_NULLABLE`, `COLUMN_DEFAULT`, `COLUMN_TYPE`, `COLUMN_KEY`, `EXTRA` FROM `INFORMATION_SCHEMA`.`COLUMNS` WHERE `TABLE_SCHEMA` = ? AND `TABLE_NAME` = ? [gogs access_token]
[xorm] [info]  2016/05/31 21:52:18.369128 [sql] SELECT `INDEX_NAME`, `NON_UNIQUE`, `COLUMN_NAME` FROM `INFORMATION_SCHEMA`.`STATISTICS` WHERE `TABLE_SCHEMA` = ? AND `TABLE_NAME` = ? [gogs access_token]
[xorm] [info]  2016/05/31 21:52:18.372129 [sql] SELECT `COLUMN_NAME`, `IS_NULLABLE`, `COLUMN_DEFAULT`, `COLUMN_TYPE`, `COLUMN_KEY`, `EXTRA` FROM `INFORMATION_SCHEMA`.`COLUMNS` WHERE `TABLE_SCHEMA` = ? AND `TABLE_NAME` = ? [gogs action]
[xorm] [info]  2016/05/31 21:52:18.398130 [sql] SELECT `INDEX_NAME`, `NON_UNIQUE`, `COLUMN_NAME` FROM `INFORMATION_SCHEMA`.`STATISTICS` WHERE `TABLE_SCHEMA` = ? AND `TABLE_NAME` = ? [gogs action]
[xorm] [info]  2016/05/31 21:52:18.401130 [sql] SELECT `COLUMN_NAME`, `IS_NULLABLE`, `COLUMN_DEFAULT`, `COLUMN_TYPE`, `COLUMN_KEY`, `EXTRA` FROM `INFORMATION_SCHEMA`.`COLUMNS` WHERE `TABLE_SCHEMA` = ? AND `TABLE_NAME` = ? [gogs attachment]
[xorm] [info]  2016/05/31 21:52:18.428132 [sql] SELECT `INDEX_NAME`, `NON_UNIQUE`, `COLUMN_NAME` FROM `INFORMATION_SCHEMA`.`STATISTICS` WHERE `TABLE_SCHEMA` = ? AND `TABLE_NAME` = ? [gogs attachment]
[xorm] [info]  2016/05/31 21:52:18.431132 [sql] SELECT `COLUMN_NAME`, `IS_NULLABLE`, `COLUMN_DEFAULT`, `COLUMN_TYPE`, `COLUMN_KEY`, `EXTRA` FROM `INFORMATION_SCHEMA`.`COLUMNS` WHERE `TABLE_SCHEMA` = ? AND `TABLE_NAME` = ? [gogs collaboration]
[xorm] [info]  2016/05/31 21:52:18.458133 [sql] SELECT `INDEX_NAME`, `NON_UNIQUE`, `COLUMN_NAME` FROM `INFORMATION_SCHEMA`.`STATISTICS` WHERE `TABLE_SCHEMA` = ? AND `TABLE_NAME` = ? [gogs collaboration]
[xorm] [info]  2016/05/31 21:52:18.462134 [sql] SELECT `COLUMN_NAME`, `IS_NULLABLE`, `COLUMN_DEFAULT`, `COLUMN_TYPE`, `COLUMN_KEY`, `EXTRA` FROM `INFORMATION_SCHEMA`.`COLUMNS` WHERE `TABLE_SCHEMA` = ? AND `TABLE_NAME` = ? [gogs comment]
[xorm] [info]  2016/05/31 21:52:18.485135 [sql] SELECT `INDEX_NAME`, `NON_UNIQUE`, `COLUMN_NAME` FROM `INFORMATION_SCHEMA`.`STATISTICS` WHERE `TABLE_SCHEMA` = ? AND `TABLE_NAME` = ? [gogs comment]
[xorm] [info]  2016/05/31 21:52:18.487135 [sql] SELECT `COLUMN_NAME`, `IS_NULLABLE`, `COLUMN_DEFAULT`, `COLUMN_TYPE`, `COLUMN_KEY`, `EXTRA` FROM `INFORMATION_SCHEMA`.`COLUMNS` WHERE `TABLE_SCHEMA` = ? AND `TABLE_NAME` = ? [gogs deploy_key]
[xorm] [info]  2016/05/31 21:52:18.512137 [sql] SELECT `INDEX_NAME`, `NON_UNIQUE`, `COLUMN_NAME` FROM `INFORMATION_SCHEMA`.`STATISTICS` WHERE `TABLE_SCHEMA` = ? AND `TABLE_NAME` = ? [gogs deploy_key]
[xorm] [info]  2016/05/31 21:52:18.515137 [sql] SELECT `COLUMN_NAME`, `IS_NULLABLE`, `COLUMN_DEFAULT`, `COLUMN_TYPE`, `COLUMN_KEY`, `EXTRA` FROM `INFORMATION_SCHEMA`.`COLUMNS` WHERE `TABLE_SCHEMA` = ? AND `TABLE_NAME` = ? [gogs email_address]
[xorm] [info]  2016/05/31 21:52:18.538138 [sql] SELECT `INDEX_NAME`, `NON_UNIQUE`, `COLUMN_NAME` FROM `INFORMATION_SCHEMA`.`STATISTICS` WHERE `TABLE_SCHEMA` = ? AND `TABLE_NAME` = ? [gogs email_address]
[xorm] [info]  2016/05/31 21:52:18.541138 [sql] SELECT `COLUMN_NAME`, `IS_NULLABLE`, `COLUMN_DEFAULT`, `COLUMN_TYPE`, `COLUMN_KEY`, `EXTRA` FROM `INFORMATION_SCHEMA`.`COLUMNS` WHERE `TABLE_SCHEMA` = ? AND `TABLE_NAME` = ? [gogs follow]
[xorm] [info]  2016/05/31 21:52:18.566140 [sql] SELECT `INDEX_NAME`, `NON_UNIQUE`, `COLUMN_NAME` FROM `INFORMATION_SCHEMA`.`STATISTICS` WHERE `TABLE_SCHEMA` = ? AND `TABLE_NAME` = ? [gogs follow]
[xorm] [info]  2016/05/31 21:52:18.568140 [sql] SELECT `COLUMN_NAME`, `IS_NULLABLE`, `COLUMN_DEFAULT`, `COLUMN_TYPE`, `COLUMN_KEY`, `EXTRA` FROM `INFORMATION_SCHEMA`.`COLUMNS` WHERE `TABLE_SCHEMA` = ? AND `TABLE_NAME` = ? [gogs hook_task]
[xorm] [info]  2016/05/31 21:52:18.593141 [sql] SELECT `INDEX_NAME`, `NON_UNIQUE`, `COLUMN_NAME` FROM `INFORMATION_SCHEMA`.`STATISTICS` WHERE `TABLE_SCHEMA` = ? AND `TABLE_NAME` = ? [gogs hook_task]
[xorm] [info]  2016/05/31 21:52:18.595141 [sql] SELECT `COLUMN_NAME`, `IS_NULLABLE`, `COLUMN_DEFAULT`, `COLUMN_TYPE`, `COLUMN_KEY`, `EXTRA` FROM `INFORMATION_SCHEMA`.`COLUMNS` WHERE `TABLE_SCHEMA` = ? AND `TABLE_NAME` = ? [gogs issue]
[xorm] [info]  2016/05/31 21:52:18.618143 [sql] SELECT `INDEX_NAME`, `NON_UNIQUE`, `COLUMN_NAME` FROM `INFORMATION_SCHEMA`.`STATISTICS` WHERE `TABLE_SCHEMA` = ? AND `TABLE_NAME` = ? [gogs issue]
[xorm] [info]  2016/05/31 21:52:18.621143 [sql] SELECT `COLUMN_NAME`, `IS_NULLABLE`, `COLUMN_DEFAULT`, `COLUMN_TYPE`, `COLUMN_KEY`, `EXTRA` FROM `INFORMATION_SCHEMA`.`COLUMNS` WHERE `TABLE_SCHEMA` = ? AND `TABLE_NAME` = ? [gogs issue_label]
[xorm] [info]  2016/05/31 21:52:18.644144 [sql] SELECT `INDEX_NAME`, `NON_UNIQUE`, `COLUMN_NAME` FROM `INFORMATION_SCHEMA`.`STATISTICS` WHERE `TABLE_SCHEMA` = ? AND `TABLE_NAME` = ? [gogs issue_label]
[xorm] [info]  2016/05/31 21:52:18.646144 [sql] SELECT `COLUMN_NAME`, `IS_NULLABLE`, `COLUMN_DEFAULT`, `COLUMN_TYPE`, `COLUMN_KEY`, `EXTRA` FROM `INFORMATION_SCHEMA`.`COLUMNS` WHERE `TABLE_SCHEMA` = ? AND `TABLE_NAME` = ? [gogs issue_user]
[xorm] [info]  2016/05/31 21:52:18.669146 [sql] SELECT `INDEX_NAME`, `NON_UNIQUE`, `COLUMN_NAME` FROM `INFORMATION_SCHEMA`.`STATISTICS` WHERE `TABLE_SCHEMA` = ? AND `TABLE_NAME` = ? [gogs issue_user]
[xorm] [info]  2016/05/31 21:52:18.672146 [sql] SELECT `COLUMN_NAME`, `IS_NULLABLE`, `COLUMN_DEFAULT`, `COLUMN_TYPE`, `COLUMN_KEY`, `EXTRA` FROM `INFORMATION_SCHEMA`.`COLUMNS` WHERE `TABLE_SCHEMA` = ? AND `TABLE_NAME` = ? [gogs label]
[xorm] [info]  2016/05/31 21:52:18.694147 [sql] SELECT `INDEX_NAME`, `NON_UNIQUE`, `COLUMN_NAME` FROM `INFORMATION_SCHEMA`.`STATISTICS` WHERE `TABLE_SCHEMA` = ? AND `TABLE_NAME` = ? [gogs label]
[xorm] [info]  2016/05/31 21:52:18.697147 [sql] SELECT `COLUMN_NAME`, `IS_NULLABLE`, `COLUMN_DEFAULT`, `COLUMN_TYPE`, `COLUMN_KEY`, `EXTRA` FROM `INFORMATION_SCHEMA`.`COLUMNS` WHERE `TABLE_SCHEMA` = ? AND `TABLE_NAME` = ? [gogs login_source]
[xorm] [info]  2016/05/31 21:52:18.719148 [sql] SELECT `INDEX_NAME`, `NON_UNIQUE`, `COLUMN_NAME` FROM `INFORMATION_SCHEMA`.`STATISTICS` WHERE `TABLE_SCHEMA` = ? AND `TABLE_NAME` = ? [gogs login_source]
[xorm] [info]  2016/05/31 21:52:18.721149 [sql] SELECT `COLUMN_NAME`, `IS_NULLABLE`, `COLUMN_DEFAULT`, `COLUMN_TYPE`, `COLUMN_KEY`, `EXTRA` FROM `INFORMATION_SCHEMA`.`COLUMNS` WHERE `TABLE_SCHEMA` = ? AND `TABLE_NAME` = ? [gogs milestone]
[xorm] [info]  2016/05/31 21:52:18.742150 [sql] SELECT `INDEX_NAME`, `NON_UNIQUE`, `COLUMN_NAME` FROM `INFORMATION_SCHEMA`.`STATISTICS` WHERE `TABLE_SCHEMA` = ? AND `TABLE_NAME` = ? [gogs milestone]
[xorm] [info]  2016/05/31 21:52:18.745150 [sql] SELECT `COLUMN_NAME`, `IS_NULLABLE`, `COLUMN_DEFAULT`, `COLUMN_TYPE`, `COLUMN_KEY`, `EXTRA` FROM `INFORMATION_SCHEMA`.`COLUMNS` WHERE `TABLE_SCHEMA` = ? AND `TABLE_NAME` = ? [gogs mirror]
[xorm] [info]  2016/05/31 21:52:18.771151 [sql] SELECT `INDEX_NAME`, `NON_UNIQUE`, `COLUMN_NAME` FROM `INFORMATION_SCHEMA`.`STATISTICS` WHERE `TABLE_SCHEMA` = ? AND `TABLE_NAME` = ? [gogs mirror]
[xorm] [info]  2016/05/31 21:52:18.774152 [sql] SELECT `COLUMN_NAME`, `IS_NULLABLE`, `COLUMN_DEFAULT`, `COLUMN_TYPE`, `COLUMN_KEY`, `EXTRA` FROM `INFORMATION_SCHEMA`.`COLUMNS` WHERE `TABLE_SCHEMA` = ? AND `TABLE_NAME` = ? [gogs notice]
[xorm] [info]  2016/05/31 21:52:18.797153 [sql] SELECT `INDEX_NAME`, `NON_UNIQUE`, `COLUMN_NAME` FROM `INFORMATION_SCHEMA`.`STATISTICS` WHERE `TABLE_SCHEMA` = ? AND `TABLE_NAME` = ? [gogs notice]
[xorm] [info]  2016/05/31 21:52:18.801153 [sql] SELECT `COLUMN_NAME`, `IS_NULLABLE`, `COLUMN_DEFAULT`, `COLUMN_TYPE`, `COLUMN_KEY`, `EXTRA` FROM `INFORMATION_SCHEMA`.`COLUMNS` WHERE `TABLE_SCHEMA` = ? AND `TABLE_NAME` = ? [gogs org_user]
[xorm] [info]  2016/05/31 21:52:18.824154 [sql] SELECT `INDEX_NAME`, `NON_UNIQUE`, `COLUMN_NAME` FROM `INFORMATION_SCHEMA`.`STATISTICS` WHERE `TABLE_SCHEMA` = ? AND `TABLE_NAME` = ? [gogs org_user]
[xorm] [info]  2016/05/31 21:52:18.827155 [sql] SELECT `COLUMN_NAME`, `IS_NULLABLE`, `COLUMN_DEFAULT`, `COLUMN_TYPE`, `COLUMN_KEY`, `EXTRA` FROM `INFORMATION_SCHEMA`.`COLUMNS` WHERE `TABLE_SCHEMA` = ? AND `TABLE_NAME` = ? [gogs public_key]
[xorm] [info]  2016/05/31 21:52:18.848156 [sql] SELECT `INDEX_NAME`, `NON_UNIQUE`, `COLUMN_NAME` FROM `INFORMATION_SCHEMA`.`STATISTICS` WHERE `TABLE_SCHEMA` = ? AND `TABLE_NAME` = ? [gogs public_key]
[xorm] [info]  2016/05/31 21:52:18.850156 [sql] SELECT `COLUMN_NAME`, `IS_NULLABLE`, `COLUMN_DEFAULT`, `COLUMN_TYPE`, `COLUMN_KEY`, `EXTRA` FROM `INFORMATION_SCHEMA`.`COLUMNS` WHERE `TABLE_SCHEMA` = ? AND `TABLE_NAME` = ? [gogs pull_request]
[xorm] [info]  2016/05/31 21:52:18.870157 [sql] SELECT `INDEX_NAME`, `NON_UNIQUE`, `COLUMN_NAME` FROM `INFORMATION_SCHEMA`.`STATISTICS` WHERE `TABLE_SCHEMA` = ? AND `TABLE_NAME` = ? [gogs pull_request]
[xorm] [info]  2016/05/31 21:52:18.873157 [sql] SELECT `COLUMN_NAME`, `IS_NULLABLE`, `COLUMN_DEFAULT`, `COLUMN_TYPE`, `COLUMN_KEY`, `EXTRA` FROM `INFORMATION_SCHEMA`.`COLUMNS` WHERE `TABLE_SCHEMA` = ? AND `TABLE_NAME` = ? [gogs release]
[xorm] [info]  2016/05/31 21:52:18.894158 [sql] SELECT `INDEX_NAME`, `NON_UNIQUE`, `COLUMN_NAME` FROM `INFORMATION_SCHEMA`.`STATISTICS` WHERE `TABLE_SCHEMA` = ? AND `TABLE_NAME` = ? [gogs release]
[xorm] [info]  2016/05/31 21:52:18.896159 [sql] SELECT `COLUMN_NAME`, `IS_NULLABLE`, `COLUMN_DEFAULT`, `COLUMN_TYPE`, `COLUMN_KEY`, `EXTRA` FROM `INFORMATION_SCHEMA`.`COLUMNS` WHERE `TABLE_SCHEMA` = ? AND `TABLE_NAME` = ? [gogs repository]
[xorm] [info]  2016/05/31 21:52:18.921160 [sql] SELECT `INDEX_NAME`, `NON_UNIQUE`, `COLUMN_NAME` FROM `INFORMATION_SCHEMA`.`STATISTICS` WHERE `TABLE_SCHEMA` = ? AND `TABLE_NAME` = ? [gogs repository]
[xorm] [info]  2016/05/31 21:52:18.924160 [sql] SELECT `COLUMN_NAME`, `IS_NULLABLE`, `COLUMN_DEFAULT`, `COLUMN_TYPE`, `COLUMN_KEY`, `EXTRA` FROM `INFORMATION_SCHEMA`.`COLUMNS` WHERE `TABLE_SCHEMA` = ? AND `TABLE_NAME` = ? [gogs star]
[xorm] [info]  2016/05/31 21:52:18.946161 [sql] SELECT `INDEX_NAME`, `NON_UNIQUE`, `COLUMN_NAME` FROM `INFORMATION_SCHEMA`.`STATISTICS` WHERE `TABLE_SCHEMA` = ? AND `TABLE_NAME` = ? [gogs star]
[xorm] [info]  2016/05/31 21:52:18.948162 [sql] SELECT `COLUMN_NAME`, `IS_NULLABLE`, `COLUMN_DEFAULT`, `COLUMN_TYPE`, `COLUMN_KEY`, `EXTRA` FROM `INFORMATION_SCHEMA`.`COLUMNS` WHERE `TABLE_SCHEMA` = ? AND `TABLE_NAME` = ? [gogs team]
[xorm] [info]  2016/05/31 21:52:18.972163 [sql] SELECT `INDEX_NAME`, `NON_UNIQUE`, `COLUMN_NAME` FROM `INFORMATION_SCHEMA`.`STATISTICS` WHERE `TABLE_SCHEMA` = ? AND `TABLE_NAME` = ? [gogs team]
[xorm] [info]  2016/05/31 21:52:18.975163 [sql] SELECT `COLUMN_NAME`, `IS_NULLABLE`, `COLUMN_DEFAULT`, `COLUMN_TYPE`, `COLUMN_KEY`, `EXTRA` FROM `INFORMATION_SCHEMA`.`COLUMNS` WHERE `TABLE_SCHEMA` = ? AND `TABLE_NAME` = ? [gogs team_repo]
[xorm] [info]  2016/05/31 21:52:18.997164 [sql] SELECT `INDEX_NAME`, `NON_UNIQUE`, `COLUMN_NAME` FROM `INFORMATION_SCHEMA`.`STATISTICS` WHERE `TABLE_SCHEMA` = ? AND `TABLE_NAME` = ? [gogs team_repo]
[xorm] [info]  2016/05/31 21:52:18.999164 [sql] SELECT `COLUMN_NAME`, `IS_NULLABLE`, `COLUMN_DEFAULT`, `COLUMN_TYPE`, `COLUMN_KEY`, `EXTRA` FROM `INFORMATION_SCHEMA`.`COLUMNS` WHERE `TABLE_SCHEMA` = ? AND `TABLE_NAME` = ? [gogs team_user]
[xorm] [info]  2016/05/31 21:52:19.023166 [sql] SELECT `INDEX_NAME`, `NON_UNIQUE`, `COLUMN_NAME` FROM `INFORMATION_SCHEMA`.`STATISTICS` WHERE `TABLE_SCHEMA` = ? AND `TABLE_NAME` = ? [gogs team_user]
[xorm] [info]  2016/05/31 21:52:19.026166 [sql] SELECT `COLUMN_NAME`, `IS_NULLABLE`, `COLUMN_DEFAULT`, `COLUMN_TYPE`, `COLUMN_KEY`, `EXTRA` FROM `INFORMATION_SCHEMA`.`COLUMNS` WHERE `TABLE_SCHEMA` = ? AND `TABLE_NAME` = ? [gogs update_task]
[xorm] [info]  2016/05/31 21:52:19.049167 [sql] SELECT `INDEX_NAME`, `NON_UNIQUE`, `COLUMN_NAME` FROM `INFORMATION_SCHEMA`.`STATISTICS` WHERE `TABLE_SCHEMA` = ? AND `TABLE_NAME` = ? [gogs update_task]
[xorm] [info]  2016/05/31 21:52:19.051167 [sql] SELECT `COLUMN_NAME`, `IS_NULLABLE`, `COLUMN_DEFAULT`, `COLUMN_TYPE`, `COLUMN_KEY`, `EXTRA` FROM `INFORMATION_SCHEMA`.`COLUMNS` WHERE `TABLE_SCHEMA` = ? AND `TABLE_NAME` = ? [gogs user]
[xorm] [info]  2016/05/31 21:52:19.075169 [sql] SELECT `INDEX_NAME`, `NON_UNIQUE`, `COLUMN_NAME` FROM `INFORMATION_SCHEMA`.`STATISTICS` WHERE `TABLE_SCHEMA` = ? AND `TABLE_NAME` = ? [gogs user]
[xorm] [info]  2016/05/31 21:52:19.078169 [sql] SELECT `COLUMN_NAME`, `IS_NULLABLE`, `COLUMN_DEFAULT`, `COLUMN_TYPE`, `COLUMN_KEY`, `EXTRA` FROM `INFORMATION_SCHEMA`.`COLUMNS` WHERE `TABLE_SCHEMA` = ? AND `TABLE_NAME` = ? [gogs version]
[xorm] [info]  2016/05/31 21:52:19.100170 [sql] SELECT `INDEX_NAME`, `NON_UNIQUE`, `COLUMN_NAME` FROM `INFORMATION_SCHEMA`.`STATISTICS` WHERE `TABLE_SCHEMA` = ? AND `TABLE_NAME` = ? [gogs version]
[xorm] [info]  2016/05/31 21:52:19.102170 [sql] SELECT `COLUMN_NAME`, `IS_NULLABLE`, `COLUMN_DEFAULT`, `COLUMN_TYPE`, `COLUMN_KEY`, `EXTRA` FROM `INFORMATION_SCHEMA`.`COLUMNS` WHERE `TABLE_SCHEMA` = ? AND `TABLE_NAME` = ? [gogs watch]
[xorm] [info]  2016/05/31 21:52:19.123172 [sql] SELECT `INDEX_NAME`, `NON_UNIQUE`, `COLUMN_NAME` FROM `INFORMATION_SCHEMA`.`STATISTICS` WHERE `TABLE_SCHEMA` = ? AND `TABLE_NAME` = ? [gogs watch]
[xorm] [info]  2016/05/31 21:52:19.126172 [sql] SELECT `COLUMN_NAME`, `IS_NULLABLE`, `COLUMN_DEFAULT`, `COLUMN_TYPE`, `COLUMN_KEY`, `EXTRA` FROM `INFORMATION_SCHEMA`.`COLUMNS` WHERE `TABLE_SCHEMA` = ? AND `TABLE_NAME` = ? [gogs webhook]
[xorm] [info]  2016/05/31 21:52:19.151173 [sql] SELECT `INDEX_NAME`, `NON_UNIQUE`, `COLUMN_NAME` FROM `INFORMATION_SCHEMA`.`STATISTICS` WHERE `TABLE_SCHEMA` = ? AND `TABLE_NAME` = ? [gogs webhook]
[xorm] [warn]  2016/05/31 21:52:19.155173 Table repository Column enable_wiki db default is 1, struct default is true
[xorm] [warn]  2016/05/31 21:52:19.155173 Table repository Column enable_issues db default is 1, struct default is true
[xorm] [warn]  2016/05/31 21:52:19.155173 Table repository Column enable_pulls db default is 1, struct default is true
[xorm] [warn]  2016/05/31 21:52:19.155173 Table repository Column is_fork db default is 0, struct default is false
[xorm] [warn]  2016/05/31 21:52:19.156173 Table action Column is_private db default is 0, struct default is false
[xorm] [warn]  2016/05/31 21:52:19.158174 Table release Column is_draft db default is 0, struct default is false
[xorm] [warn]  2016/05/31 21:52:19.158174 Table login_source Column is_actived db default is 0, struct default is false
[xorm] [info]  2016/05/31 21:52:19.160174 [sql] SELECT repo.id FROM `repository` repo WHERE repo.num_watches!=(SELECT COUNT(*) FROM `watch` WHERE repo_id=repo.id)
[xorm] [info]  2016/05/31 21:52:19.160174 [sql] SELECT `id`, `repo_id`, `hook_id`, `uuid`, `type`, `url`, `payload_content`, `content_type`, `event_type`, `is_ssl`, `is_delivered`, `delivered`, `is_succeed`, `request_content`, `response_content` FROM `hook_task` WHERE is_delivered=? [args] [[false]]
[xorm] [info]  2016/05/31 21:52:19.161174 [sql] SELECT `id`, `type`, `status`, `issue_id`, `index`, `head_repo_id`, `base_repo_id`, `head_user_name`, `head_branch`, `base_branch`, `merge_base`, `has_merged`, `merged_commit_id`, `merger_id`, `merged_unix` FROM `pull_request` WHERE `status` = ? [args] [[1]]
[xorm] [info]  2016/05/31 21:52:19.161174 [sql] SELECT repo.id FROM `repository` repo WHERE repo.num_stars!=(SELECT COUNT(*) FROM `star` WHERE repo_id=repo.id)
[xorm] [info]  2016/05/31 21:52:19.166174 [sql] SELECT label.id FROM `label` WHERE label.num_issues!=(SELECT COUNT(*) FROM `issue_label` WHERE label_id=label.id)
[xorm] [info]  2016/05/31 21:52:19.167174 [sql] SELECT `user`.id FROM `user` WHERE `user`.num_repos!=(SELECT COUNT(*) FROM `repository` WHERE owner_id=`user`.id)
[xorm] [info]  2016/05/31 21:52:19.169174 [sql] SELECT `issue`.id FROM `issue` WHERE `issue`.num_comments!=(SELECT COUNT(*) FROM `comment` WHERE issue_id=`issue`.id AND type=0)
[xorm] [info]  2016/05/31 21:52:19.172174 [sql] SELECT repo.id FROM `repository` repo WHERE repo.num_forks!=(SELECT COUNT(*) FROM `repository` WHERE fork_id=repo.id)
[xorm] [info]  2016/05/31 21:53:28.382133 [sql] SELECT `id`, `lower_name`, `name`, `full_name`, `email`, `passwd`, `login_type`, `login_source`, `login_name`, `type`, `location`, `website`, `rands`, `salt`, `created_unix`, `updated_unix`, `last_repo_visibility`, `max_repo_creation`, `is_active`, `is_admin`, `allow_git_hook`, `allow_import_local`, `avatar`, `avatar_email`, `use_custom_avatar`, `num_followers`, `num_following`, `num_stars`, `num_repos`, `description`, `num_teams`, `num_members` FROM `user` WHERE `lower_name` = ? LIMIT 1 [args] [filip]
[xorm] [info]  2016/05/31 21:53:28.416135 [sql] SELECT `id`, `lower_name`, `name`, `full_name`, `email`, `passwd`, `login_type`, `login_source`, `login_name`, `type`, `location`, `website`, `rands`, `salt`, `created_unix`, `updated_unix`, `last_repo_visibility`, `max_repo_creation`, `is_active`, `is_admin`, `allow_git_hook`, `allow_import_local`, `avatar`, `avatar_email`, `use_custom_avatar`, `num_followers`, `num_following`, `num_stars`, `num_repos`, `description`, `num_teams`, `num_members` FROM `user` WHERE `id` = ? LIMIT 1 [args] [1]
[xorm] [info]  2016/05/31 21:53:28.420135 [sql] SELECT `id`, `lower_name`, `name`, `full_name`, `email`, `passwd`, `login_type`, `login_source`, `login_name`, `type`, `location`, `website`, `rands`, `salt`, `created_unix`, `updated_unix`, `last_repo_visibility`, `max_repo_creation`, `is_active`, `is_admin`, `allow_git_hook`, `allow_import_local`, `avatar`, `avatar_email`, `use_custom_avatar`, `num_followers`, `num_following`, `num_stars`, `num_repos`, `description`, `num_teams`, `num_members` FROM `user` WHERE `id` = ? LIMIT 1 [args] [1]
[xorm] [info]  2016/05/31 21:53:28.427135 [sql] SELECT `id`, `uid`, `org_id`, `is_public`, `is_owner`, `num_teams` FROM `org_user` WHERE uid=? [args] [1]
[xorm] [info]  2016/05/31 21:53:28.430136 [sql] SELECT `id`, `user_id`, `repo_id`, `mode` FROM `access` WHERE `user_id` = ? [args] [1]
[xorm] [info]  2016/05/31 21:53:28.441136 [sql] SELECT `id`, `owner_id`, `lower_name`, `name`, `description`, `website`, `default_branch`, `num_watches`, `num_stars`, `num_forks`, `num_issues`, `num_closed_issues`, `num_pulls`, `num_closed_pulls`, `num_milestones`, `num_closed_milestones`, `is_private`, `is_bare`, `is_mirror`, `enable_wiki`, `enable_external_wiki`, `external_wiki_url`, `enable_issues`, `enable_external_tracker`, `external_tracker_format`, `enable_pulls`, `is_fork`, `fork_id`, `created_unix`, `updated_unix` FROM `repository` WHERE `owner_id` = ? ORDER BY `updated_unix` DESC [args] [1]
[xorm] [info]  2016/05/31 21:53:28.450137 [sql] SELECT team.id FROM team 
INNER JOIN team_user ON team_user.team_id = team.id
WHERE team_user.org_id = ? AND team_user.uid = ? [args] [1 1]
[xorm] [info]  2016/05/31 21:53:28.455137 [sql] SELECT repository.* FROM repository
INNER JOIN team_repo ON team_repo.repo_id = repository.id
WHERE (repository.owner_id = ? AND repository.is_private = ?) OR team_repo.team_id IN (-1)
GROUP BY repository.id [args] [1 false]
[xorm] [info]  2016/05/31 21:53:28.459137 [sql] SELECT `id`, `user_id`, `op_type`, `act_user_id`, `act_user_name`, `act_email`, `repo_id`, `repo_user_name`, `repo_name`, `ref_name`, `is_private`, `content`, `created_unix` FROM `action` WHERE user_id=? ORDER BY `id` DESC LIMIT 20 [args] [1]
[xorm] [info]  2016/05/31 21:53:28.467138 [sql] SELECT count(*) FROM `org_user` WHERE uid=? [args] [1]
